2020-02-27 00:12:10: listen: 3000
2020-02-28 23:02:01: listen: 3000
2020-02-28 23:02:54: { pageBegin: 1, pageNum: 6 }
2020-02-28 23:02:54: select id,title,author,imgSrc from articles order by id desc limit 0, 6
2020-02-28 23:03:01: 有人看了51
2020-02-28 23:14:50: listen: 3000
2020-02-28 23:14:56: listen: 3000
2020-02-28 23:16:00: 定时任务执行一次
2020-02-28 23:16:00: 入库成功
2020-02-28 23:16:00: 入库成功
2020-02-28 23:16:00: 入库成功
2020-02-28 23:16:00: 入库成功
2020-02-28 23:16:00: 入库成功
2020-02-28 23:16:58: { pageBegin: 1, pageNum: 6 }
2020-02-28 23:16:58: select id,title,author,imgSrc from articles order by id desc limit 0, 6
2020-02-28 23:17:16: { pageBegin: 2, pageNum: 6 }
2020-02-28 23:17:16: select id,title,author,imgSrc from articles order by id desc limit 6, 6
2020-02-28 23:19:38: listen: 3000
2020-02-28 23:20:00: 定时任务执行一次
2020-02-28 23:32:31: listen: 3000
2020-02-28 23:32:32: 入库成功
2020-02-28 23:32:32: 入库成功
2020-02-28 23:32:32: 入库成功
2020-02-28 23:32:32: 入库成功
2020-02-28 23:32:32: 入库成功
2020-02-28 23:34:17: listen: 3000
2020-02-28 23:35:20: listen: 3000
2020-02-29 00:07:42: { pageBegin: 1, pageNum: 6 }
2020-02-29 00:07:42: select id,title,author,imgSrc from articles order by id desc limit 0, 6
2020-02-29 00:07:51: 有人看了59
